Build started 8/8/2014 8:01:46 PM.
     1>Project "C:\Users\user\Desktop\Copies\DSAL\DSALCA2\DSALCA2\DSALCA2.vcxproj" on node 2 (build target(s)).
     1>PrepareForBuild:
         Creating directory "C:\Users\user\Desktop\Copies\DSAL\DSALCA2\Release\".
       InitializeBuildStatus:
         Creating "Release\DSALCA2.unsuccessfulbuild" because "AlwaysCreate" was specified.
       ClCompile:
         e:\Program Files (x86)\Microsoft Visual Studio 10.0\VC\bin\CL.exe /c /Zi /nologo /W3 /WX- /O2 /Oi /Oy- /GL /D WIN32 /D NDEBUG /D _CONSOLE /D _UNICODE /D UNICODE /Gm- /EHsc /MD /GS /Gy /fp:precise /Zc:wchar_t /Zc:forScope /Fo"Release\\" /Fd"Release\vc100.pdb" /Gd /TP /analyze- /errorReport:prompt Games.cpp Product.cpp Shop.cpp Shopper.cpp User.cpp
         Games.cpp
         Product.cpp
         Shop.cpp
     1>Shop.cpp(123): warning C4244: 'argument' : conversion from 'float' to 'int', possible loss of data
     1>Shop.cpp(123): warning C4244: 'argument' : conversion from 'int' to 'float', possible loss of data
         Shopper.cpp
     1>Shopper.cpp(133): warning C4101: 'e' : unreferenced local variable
         User.cpp
         e:\Program Files (x86)\Microsoft Visual Studio 10.0\VC\bin\CL.exe /c /Zi /clr /nologo /W3 /WX- /O2 /Oi /Oy- /GL /D WIN32 /D NDEBUG /D _CONSOLE /D _UNICODE /D UNICODE /Gm- /EHa /MD /GS /Gy /fp:precise /Zc:wchar_t /Zc:forScope /Fo"Release\\" /Fd"Release\vc100.pdb" /Gd /TP /FU"C:\Program Files (x86)\Reference Assemblies\Microsoft\Framework\.NETFramework\v4.0\System.Core.dll" /FU"C:\Program Files (x86)\Reference Assemblies\Microsoft\Framework\.NETFramework\v4.0\System.Data.dll" /FU"C:\Program Files (x86)\Reference Assemblies\Microsoft\Framework\.NETFramework\v4.0\System.dll" /FU"C:\Program Files (x86)\Reference Assemblies\Microsoft\Framework\.NETFramework\v4.0\System.Drawing.dll" /FU"C:\Program Files (x86)\Reference Assemblies\Microsoft\Framework\.NETFramework\v4.0\System.Windows.Forms.dll" /FU"C:\Program Files (x86)\Reference Assemblies\Microsoft\Framework\.NETFramework\v4.0\System.Xml.dll" /analyze- /errorReport:prompt main.cpp
         main.cpp
     1>c:\program files (x86)\reference assemblies\microsoft\framework\.netframework\v4.0\system.core.dll : warning C4945: 'ExtensionAttribute' : cannot import symbol from 'c:\program files (x86)\reference assemblies\microsoft\framework\.netframework\v4.0\system.core.dll': as 'System::Runtime::CompilerServices::ExtensionAttribute' has already been imported from another assembly 'mscorlib'
                 c:\windows\microsoft.net\framework\v4.0.30319\mscorlib.dll : see declaration of 'System::Runtime::CompilerServices::ExtensionAttribute'
                 first seen type is used; re-order imported assemblies to use the current type
                 This diagnostic occurred while importing type 'System.Runtime.CompilerServices.ExtensionAttribute' from assembly 'System.Core, Version=4.0.0.0, Culture=neutral, PublicKeyToken=b77a5c561934e089'.
       Link:
         e:\Program Files (x86)\Microsoft Visual Studio 10.0\VC\bin\link.exe /ERRORREPORT:PROMPT /OUT:"C:\Users\user\Desktop\Copies\DSAL\DSALCA2\Release\DSALCA2.exe" /INCREMENTAL:NO /NOLOGO kernel32.lib user32.lib gdi32.lib winspool.lib comdlg32.lib advapi32.lib shell32.lib ole32.lib oleaut32.lib uuid.lib odbc32.lib odbccp32.lib /MANIFEST /ManifestFile:"Release\DSALCA2.exe.intermediate.manifest" /MANIFESTUAC:"level='asInvoker' uiAccess='false'" /DEBUG /PDB:"C:\Users\user\Desktop\Copies\DSAL\DSALCA2\Release\DSALCA2.pdb" /SUBSYSTEM:CONSOLE /OPT:REF /OPT:ICF /LTCG /TLBID:1 /DYNAMICBASE /NXCOMPAT /IMPLIB:"C:\Users\user\Desktop\Copies\DSAL\DSALCA2\Release\DSALCA2.lib" /MACHINE:X86 Release\Games.obj
         Release\main.obj
         Release\Product.obj
         Release\Shop.obj
         Release\Shopper.obj
         Release\User.obj
         Generating code
         Finished generating code
         DSALCA2.vcxproj -> C:\Users\user\Desktop\Copies\DSAL\DSALCA2\Release\DSALCA2.exe
       Manifest:
         C:\Program Files (x86)\Microsoft SDKs\Windows\v7.0A\bin\mt.exe /nologo /verbose /outputresource:"C:\Users\user\Desktop\Copies\DSAL\DSALCA2\Release\DSALCA2.exe;#1" /manifest Release\DSALCA2.exe.intermediate.manifest
       FinalizeBuildStatus:
         Deleting file "Release\DSALCA2.unsuccessfulbuild".
         Touching "Release\DSALCA2.lastbuildstate".
     1>Done Building Project "C:\Users\user\Desktop\Copies\DSAL\DSALCA2\DSALCA2\DSALCA2.vcxproj" (build target(s)).

Build succeeded.

Time Elapsed 00:00:01.98
