C:\USERS\USER\DESKTOP\SINGAPORE POLYTECHNIC\YEAR 2\SEMESTER 1\DATA STRUCTURES AND ALGORITHMS\ELECTRONIC SHOP\DSALCA2\DSALCA2\RELEASE\DSALCA2.EXE.INTERMEDIATE.MANIFEST
C:\USERS\USER\DESKTOP\SINGAPORE POLYTECHNIC\YEAR 2\SEMESTER 1\DATA STRUCTURES AND ALGORITHMS\ELECTRONIC SHOP\DSALCA2\DSALCA2\RELEASE\GAMES.OBJ
C:\USERS\USER\DESKTOP\SINGAPORE POLYTECHNIC\YEAR 2\SEMESTER 1\DATA STRUCTURES AND ALGORITHMS\ELECTRONIC SHOP\DSALCA2\DSALCA2\RELEASE\MAIN.OBJ
C:\USERS\USER\DESKTOP\SINGAPORE POLYTECHNIC\YEAR 2\SEMESTER 1\DATA STRUCTURES AND ALGORITHMS\ELECTRONIC SHOP\DSALCA2\DSALCA2\RELEASE\PRODUCT.OBJ
C:\USERS\USER\DESKTOP\SINGAPORE POLYTECHNIC\YEAR 2\SEMESTER 1\DATA STRUCTURES AND ALGORITHMS\ELECTRONIC SHOP\DSALCA2\DSALCA2\RELEASE\SHOP.OBJ
C:\USERS\USER\DESKTOP\SINGAPORE POLYTECHNIC\YEAR 2\SEMESTER 1\DATA STRUCTURES AND ALGORITHMS\ELECTRONIC SHOP\DSALCA2\DSALCA2\RELEASE\SHOPPER.OBJ
C:\USERS\USER\DESKTOP\SINGAPORE POLYTECHNIC\YEAR 2\SEMESTER 1\DATA STRUCTURES AND ALGORITHMS\ELECTRONIC SHOP\DSALCA2\DSALCA2\RELEASE\USER.OBJ
C:\USERS\USER\DESKTOP\SINGAPORE POLYTECHNIC\YEAR 2\SEMESTER 1\DATA STRUCTURES AND ALGORITHMS\ELECTRONIC SHOP\DSALCA2\DSALCA2\RELEASE\VC100.PDB
C:\USERS\USER\DESKTOP\SINGAPORE POLYTECHNIC\YEAR 2\SEMESTER 1\DATA STRUCTURES AND ALGORITHMS\ELECTRONIC SHOP\DSALCA2\RELEASE\DSALCA2.EXE
C:\USERS\USER\DESKTOP\SINGAPORE POLYTECHNIC\YEAR 2\SEMESTER 1\DATA STRUCTURES AND ALGORITHMS\ELECTRONIC SHOP\DSALCA2\RELEASE\DSALCA2.PDB
E:\GitHub\DSAL\DSALCA2\DSALCA2\Release\cl.command.1.tlog
E:\GitHub\DSAL\DSALCA2\DSALCA2\Release\CL.read.1.tlog
E:\GitHub\DSAL\DSALCA2\DSALCA2\Release\CL.write.1.tlog
E:\GitHub\DSAL\DSALCA2\DSALCA2\Release\DSALCA2.vcxprojResolveAssemblyReference.cache
E:\GitHub\DSAL\DSALCA2\DSALCA2\Release\DSALCA2.write.1.tlog
E:\GitHub\DSAL\DSALCA2\DSALCA2\Release\link.command.1.tlog
E:\GitHub\DSAL\DSALCA2\DSALCA2\Release\link.read.1.tlog
E:\GitHub\DSAL\DSALCA2\DSALCA2\Release\link.write.1.tlog
E:\GitHub\DSAL\DSALCA2\DSALCA2\Release\mt.command.1.tlog
E:\GitHub\DSAL\DSALCA2\DSALCA2\Release\mt.read.1.tlog
E:\GitHub\DSAL\DSALCA2\DSALCA2\Release\mt.write.1.tlog
