C:\Users\user\Desktop\Singapore Polytechnic\Year 2\Semester 1\Data Structures and Algorithms\Electronic Shop\DSALCA2\Debug\DSALCA2.exe
C:\Users\user\Desktop\Singapore Polytechnic\Year 2\Semester 1\Data Structures and Algorithms\Electronic Shop\DSALCA2\Debug\DSALCA2.ilk
C:\Users\user\Desktop\Singapore Polytechnic\Year 2\Semester 1\Data Structures and Algorithms\Electronic Shop\DSALCA2\Debug\DSALCA2.pdb
C:\Users\user\Desktop\Singapore Polytechnic\Year 2\Semester 1\Data Structures and Algorithms\Electronic Shop\DSALCA2\DSALCA2\Debug\cl.command.1.tlog
C:\Users\user\Desktop\Singapore Polytechnic\Year 2\Semester 1\Data Structures and Algorithms\Electronic Shop\DSALCA2\DSALCA2\Debug\CL.read.1.tlog
C:\Users\user\Desktop\Singapore Polytechnic\Year 2\Semester 1\Data Structures and Algorithms\Electronic Shop\DSALCA2\DSALCA2\Debug\CL.write.1.tlog
C:\Users\user\Desktop\Singapore Polytechnic\Year 2\Semester 1\Data Structures and Algorithms\Electronic Shop\DSALCA2\DSALCA2\Debug\DSALCA2.exe.embed.manifest
C:\Users\user\Desktop\Singapore Polytechnic\Year 2\Semester 1\Data Structures and Algorithms\Electronic Shop\DSALCA2\DSALCA2\Debug\DSALCA2.exe.embed.manifest.res
C:\Users\user\Desktop\Singapore Polytechnic\Year 2\Semester 1\Data Structures and Algorithms\Electronic Shop\DSALCA2\DSALCA2\Debug\DSALCA2.exe.intermediate.manifest
C:\Users\user\Desktop\Singapore Polytechnic\Year 2\Semester 1\Data Structures and Algorithms\Electronic Shop\DSALCA2\DSALCA2\Debug\DSALCA2.vcxprojResolveAssemblyReference.cache
C:\Users\user\Desktop\Singapore Polytechnic\Year 2\Semester 1\Data Structures and Algorithms\Electronic Shop\DSALCA2\DSALCA2\Debug\DSALCA2.write.1.tlog
C:\Users\user\Desktop\Singapore Polytechnic\Year 2\Semester 1\Data Structures and Algorithms\Electronic Shop\DSALCA2\DSALCA2\Debug\DSALCA2_manifest.rc
C:\Users\user\Desktop\Singapore Polytechnic\Year 2\Semester 1\Data Structures and Algorithms\Electronic Shop\DSALCA2\DSALCA2\Debug\Games.obj
C:\Users\user\Desktop\Singapore Polytechnic\Year 2\Semester 1\Data Structures and Algorithms\Electronic Shop\DSALCA2\DSALCA2\Debug\link.1676.read.1.tlog
C:\Users\user\Desktop\Singapore Polytechnic\Year 2\Semester 1\Data Structures and Algorithms\Electronic Shop\DSALCA2\DSALCA2\Debug\link.1676.write.1.tlog
C:\Users\user\Desktop\Singapore Polytechnic\Year 2\Semester 1\Data Structures and Algorithms\Electronic Shop\DSALCA2\DSALCA2\Debug\link.1676-cvtres.read.1.tlog
C:\Users\user\Desktop\Singapore Polytechnic\Year 2\Semester 1\Data Structures and Algorithms\Electronic Shop\DSALCA2\DSALCA2\Debug\link.1676-cvtres.write.1.tlog
C:\Users\user\Desktop\Singapore Polytechnic\Year 2\Semester 1\Data Structures and Algorithms\Electronic Shop\DSALCA2\DSALCA2\Debug\link.2108.read.1.tlog
C:\Users\user\Desktop\Singapore Polytechnic\Year 2\Semester 1\Data Structures and Algorithms\Electronic Shop\DSALCA2\DSALCA2\Debug\link.2108.write.1.tlog
C:\Users\user\Desktop\Singapore Polytechnic\Year 2\Semester 1\Data Structures and Algorithms\Electronic Shop\DSALCA2\DSALCA2\Debug\link.2108-cvtres.read.1.tlog
C:\Users\user\Desktop\Singapore Polytechnic\Year 2\Semester 1\Data Structures and Algorithms\Electronic Shop\DSALCA2\DSALCA2\Debug\link.2108-cvtres.write.1.tlog
C:\Users\user\Desktop\Singapore Polytechnic\Year 2\Semester 1\Data Structures and Algorithms\Electronic Shop\DSALCA2\DSALCA2\Debug\link.2812.read.1.tlog
C:\Users\user\Desktop\Singapore Polytechnic\Year 2\Semester 1\Data Structures and Algorithms\Electronic Shop\DSALCA2\DSALCA2\Debug\link.2812.write.1.tlog
C:\Users\user\Desktop\Singapore Polytechnic\Year 2\Semester 1\Data Structures and Algorithms\Electronic Shop\DSALCA2\DSALCA2\Debug\link.2812-cvtres.read.1.tlog
C:\Users\user\Desktop\Singapore Polytechnic\Year 2\Semester 1\Data Structures and Algorithms\Electronic Shop\DSALCA2\DSALCA2\Debug\link.2812-cvtres.write.1.tlog
C:\Users\user\Desktop\Singapore Polytechnic\Year 2\Semester 1\Data Structures and Algorithms\Electronic Shop\DSALCA2\DSALCA2\Debug\link.3876.read.1.tlog
C:\Users\user\Desktop\Singapore Polytechnic\Year 2\Semester 1\Data Structures and Algorithms\Electronic Shop\DSALCA2\DSALCA2\Debug\link.3876.write.1.tlog
C:\Users\user\Desktop\Singapore Polytechnic\Year 2\Semester 1\Data Structures and Algorithms\Electronic Shop\DSALCA2\DSALCA2\Debug\link.3876-cvtres.read.1.tlog
C:\Users\user\Desktop\Singapore Polytechnic\Year 2\Semester 1\Data Structures and Algorithms\Electronic Shop\DSALCA2\DSALCA2\Debug\link.3876-cvtres.write.1.tlog
C:\Users\user\Desktop\Singapore Polytechnic\Year 2\Semester 1\Data Structures and Algorithms\Electronic Shop\DSALCA2\DSALCA2\Debug\link.4040.read.1.tlog
C:\Users\user\Desktop\Singapore Polytechnic\Year 2\Semester 1\Data Structures and Algorithms\Electronic Shop\DSALCA2\DSALCA2\Debug\link.4040.write.1.tlog
C:\Users\user\Desktop\Singapore Polytechnic\Year 2\Semester 1\Data Structures and Algorithms\Electronic Shop\DSALCA2\DSALCA2\Debug\link.4040-cvtres.read.1.tlog
C:\Users\user\Desktop\Singapore Polytechnic\Year 2\Semester 1\Data Structures and Algorithms\Electronic Shop\DSALCA2\DSALCA2\Debug\link.4040-cvtres.write.1.tlog
C:\Users\user\Desktop\Singapore Polytechnic\Year 2\Semester 1\Data Structures and Algorithms\Electronic Shop\DSALCA2\DSALCA2\Debug\link.4280.read.1.tlog
C:\Users\user\Desktop\Singapore Polytechnic\Year 2\Semester 1\Data Structures and Algorithms\Electronic Shop\DSALCA2\DSALCA2\Debug\link.4280.write.1.tlog
C:\Users\user\Desktop\Singapore Polytechnic\Year 2\Semester 1\Data Structures and Algorithms\Electronic Shop\DSALCA2\DSALCA2\Debug\link.4280-cvtres.read.1.tlog
C:\Users\user\Desktop\Singapore Polytechnic\Year 2\Semester 1\Data Structures and Algorithms\Electronic Shop\DSALCA2\DSALCA2\Debug\link.4280-cvtres.write.1.tlog
C:\Users\user\Desktop\Singapore Polytechnic\Year 2\Semester 1\Data Structures and Algorithms\Electronic Shop\DSALCA2\DSALCA2\Debug\link.4360.read.1.tlog
C:\Users\user\Desktop\Singapore Polytechnic\Year 2\Semester 1\Data Structures and Algorithms\Electronic Shop\DSALCA2\DSALCA2\Debug\link.4360.write.1.tlog
C:\Users\user\Desktop\Singapore Polytechnic\Year 2\Semester 1\Data Structures and Algorithms\Electronic Shop\DSALCA2\DSALCA2\Debug\link.4360-cvtres.read.1.tlog
C:\Users\user\Desktop\Singapore Polytechnic\Year 2\Semester 1\Data Structures and Algorithms\Electronic Shop\DSALCA2\DSALCA2\Debug\link.4360-cvtres.write.1.tlog
C:\Users\user\Desktop\Singapore Polytechnic\Year 2\Semester 1\Data Structures and Algorithms\Electronic Shop\DSALCA2\DSALCA2\Debug\link.4424.read.1.tlog
C:\Users\user\Desktop\Singapore Polytechnic\Year 2\Semester 1\Data Structures and Algorithms\Electronic Shop\DSALCA2\DSALCA2\Debug\link.4424.write.1.tlog
C:\Users\user\Desktop\Singapore Polytechnic\Year 2\Semester 1\Data Structures and Algorithms\Electronic Shop\DSALCA2\DSALCA2\Debug\link.4424-cvtres.read.1.tlog
C:\Users\user\Desktop\Singapore Polytechnic\Year 2\Semester 1\Data Structures and Algorithms\Electronic Shop\DSALCA2\DSALCA2\Debug\link.4424-cvtres.write.1.tlog
C:\Users\user\Desktop\Singapore Polytechnic\Year 2\Semester 1\Data Structures and Algorithms\Electronic Shop\DSALCA2\DSALCA2\Debug\link.4436.read.1.tlog
C:\Users\user\Desktop\Singapore Polytechnic\Year 2\Semester 1\Data Structures and Algorithms\Electronic Shop\DSALCA2\DSALCA2\Debug\link.4436.write.1.tlog
C:\Users\user\Desktop\Singapore Polytechnic\Year 2\Semester 1\Data Structures and Algorithms\Electronic Shop\DSALCA2\DSALCA2\Debug\link.4436-cvtres.read.1.tlog
C:\Users\user\Desktop\Singapore Polytechnic\Year 2\Semester 1\Data Structures and Algorithms\Electronic Shop\DSALCA2\DSALCA2\Debug\link.4436-cvtres.write.1.tlog
C:\Users\user\Desktop\Singapore Polytechnic\Year 2\Semester 1\Data Structures and Algorithms\Electronic Shop\DSALCA2\DSALCA2\Debug\link.4576.read.1.tlog
C:\Users\user\Desktop\Singapore Polytechnic\Year 2\Semester 1\Data Structures and Algorithms\Electronic Shop\DSALCA2\DSALCA2\Debug\link.4576.write.1.tlog
C:\Users\user\Desktop\Singapore Polytechnic\Year 2\Semester 1\Data Structures and Algorithms\Electronic Shop\DSALCA2\DSALCA2\Debug\link.4576-cvtres.read.1.tlog
C:\Users\user\Desktop\Singapore Polytechnic\Year 2\Semester 1\Data Structures and Algorithms\Electronic Shop\DSALCA2\DSALCA2\Debug\link.4576-cvtres.write.1.tlog
C:\Users\user\Desktop\Singapore Polytechnic\Year 2\Semester 1\Data Structures and Algorithms\Electronic Shop\DSALCA2\DSALCA2\Debug\link.4868.read.1.tlog
C:\Users\user\Desktop\Singapore Polytechnic\Year 2\Semester 1\Data Structures and Algorithms\Electronic Shop\DSALCA2\DSALCA2\Debug\link.4868.write.1.tlog
C:\Users\user\Desktop\Singapore Polytechnic\Year 2\Semester 1\Data Structures and Algorithms\Electronic Shop\DSALCA2\DSALCA2\Debug\link.4868-cvtres.read.1.tlog
C:\Users\user\Desktop\Singapore Polytechnic\Year 2\Semester 1\Data Structures and Algorithms\Electronic Shop\DSALCA2\DSALCA2\Debug\link.4868-cvtres.write.1.tlog
C:\Users\user\Desktop\Singapore Polytechnic\Year 2\Semester 1\Data Structures and Algorithms\Electronic Shop\DSALCA2\DSALCA2\Debug\link.5336.read.1.tlog
C:\Users\user\Desktop\Singapore Polytechnic\Year 2\Semester 1\Data Structures and Algorithms\Electronic Shop\DSALCA2\DSALCA2\Debug\link.5336.write.1.tlog
C:\Users\user\Desktop\Singapore Polytechnic\Year 2\Semester 1\Data Structures and Algorithms\Electronic Shop\DSALCA2\DSALCA2\Debug\link.5336-cvtres.read.1.tlog
C:\Users\user\Desktop\Singapore Polytechnic\Year 2\Semester 1\Data Structures and Algorithms\Electronic Shop\DSALCA2\DSALCA2\Debug\link.5336-cvtres.write.1.tlog
C:\Users\user\Desktop\Singapore Polytechnic\Year 2\Semester 1\Data Structures and Algorithms\Electronic Shop\DSALCA2\DSALCA2\Debug\link.5460.read.1.tlog
C:\Users\user\Desktop\Singapore Polytechnic\Year 2\Semester 1\Data Structures and Algorithms\Electronic Shop\DSALCA2\DSALCA2\Debug\link.5460.write.1.tlog
C:\Users\user\Desktop\Singapore Polytechnic\Year 2\Semester 1\Data Structures and Algorithms\Electronic Shop\DSALCA2\DSALCA2\Debug\link.5460-cvtres.read.1.tlog
C:\Users\user\Desktop\Singapore Polytechnic\Year 2\Semester 1\Data Structures and Algorithms\Electronic Shop\DSALCA2\DSALCA2\Debug\link.5460-cvtres.write.1.tlog
C:\Users\user\Desktop\Singapore Polytechnic\Year 2\Semester 1\Data Structures and Algorithms\Electronic Shop\DSALCA2\DSALCA2\Debug\link.5588.read.1.tlog
C:\Users\user\Desktop\Singapore Polytechnic\Year 2\Semester 1\Data Structures and Algorithms\Electronic Shop\DSALCA2\DSALCA2\Debug\link.5588.write.1.tlog
C:\Users\user\Desktop\Singapore Polytechnic\Year 2\Semester 1\Data Structures and Algorithms\Electronic Shop\DSALCA2\DSALCA2\Debug\link.5588-cvtres.read.1.tlog
C:\Users\user\Desktop\Singapore Polytechnic\Year 2\Semester 1\Data Structures and Algorithms\Electronic Shop\DSALCA2\DSALCA2\Debug\link.5588-cvtres.write.1.tlog
C:\Users\user\Desktop\Singapore Polytechnic\Year 2\Semester 1\Data Structures and Algorithms\Electronic Shop\DSALCA2\DSALCA2\Debug\link.5760.read.1.tlog
C:\Users\user\Desktop\Singapore Polytechnic\Year 2\Semester 1\Data Structures and Algorithms\Electronic Shop\DSALCA2\DSALCA2\Debug\link.5760.write.1.tlog
C:\Users\user\Desktop\Singapore Polytechnic\Year 2\Semester 1\Data Structures and Algorithms\Electronic Shop\DSALCA2\DSALCA2\Debug\link.5760-cvtres.read.1.tlog
C:\Users\user\Desktop\Singapore Polytechnic\Year 2\Semester 1\Data Structures and Algorithms\Electronic Shop\DSALCA2\DSALCA2\Debug\link.5760-cvtres.write.1.tlog
C:\Users\user\Desktop\Singapore Polytechnic\Year 2\Semester 1\Data Structures and Algorithms\Electronic Shop\DSALCA2\DSALCA2\Debug\link.6192.read.1.tlog
C:\Users\user\Desktop\Singapore Polytechnic\Year 2\Semester 1\Data Structures and Algorithms\Electronic Shop\DSALCA2\DSALCA2\Debug\link.6192.write.1.tlog
C:\Users\user\Desktop\Singapore Polytechnic\Year 2\Semester 1\Data Structures and Algorithms\Electronic Shop\DSALCA2\DSALCA2\Debug\link.6192-cvtres.read.1.tlog
C:\Users\user\Desktop\Singapore Polytechnic\Year 2\Semester 1\Data Structures and Algorithms\Electronic Shop\DSALCA2\DSALCA2\Debug\link.6192-cvtres.write.1.tlog
C:\Users\user\Desktop\Singapore Polytechnic\Year 2\Semester 1\Data Structures and Algorithms\Electronic Shop\DSALCA2\DSALCA2\Debug\link.6588.read.1.tlog
C:\Users\user\Desktop\Singapore Polytechnic\Year 2\Semester 1\Data Structures and Algorithms\Electronic Shop\DSALCA2\DSALCA2\Debug\link.6588.write.1.tlog
C:\Users\user\Desktop\Singapore Polytechnic\Year 2\Semester 1\Data Structures and Algorithms\Electronic Shop\DSALCA2\DSALCA2\Debug\link.6588-cvtres.read.1.tlog
C:\Users\user\Desktop\Singapore Polytechnic\Year 2\Semester 1\Data Structures and Algorithms\Electronic Shop\DSALCA2\DSALCA2\Debug\link.6588-cvtres.write.1.tlog
C:\Users\user\Desktop\Singapore Polytechnic\Year 2\Semester 1\Data Structures and Algorithms\Electronic Shop\DSALCA2\DSALCA2\Debug\link.7192.read.1.tlog
C:\Users\user\Desktop\Singapore Polytechnic\Year 2\Semester 1\Data Structures and Algorithms\Electronic Shop\DSALCA2\DSALCA2\Debug\link.7192.write.1.tlog
C:\Users\user\Desktop\Singapore Polytechnic\Year 2\Semester 1\Data Structures and Algorithms\Electronic Shop\DSALCA2\DSALCA2\Debug\link.7192-cvtres.read.1.tlog
C:\Users\user\Desktop\Singapore Polytechnic\Year 2\Semester 1\Data Structures and Algorithms\Electronic Shop\DSALCA2\DSALCA2\Debug\link.7192-cvtres.write.1.tlog
C:\Users\user\Desktop\Singapore Polytechnic\Year 2\Semester 1\Data Structures and Algorithms\Electronic Shop\DSALCA2\DSALCA2\Debug\link.7252.read.1.tlog
C:\Users\user\Desktop\Singapore Polytechnic\Year 2\Semester 1\Data Structures and Algorithms\Electronic Shop\DSALCA2\DSALCA2\Debug\link.7252.write.1.tlog
C:\Users\user\Desktop\Singapore Polytechnic\Year 2\Semester 1\Data Structures and Algorithms\Electronic Shop\DSALCA2\DSALCA2\Debug\link.7252-cvtres.read.1.tlog
C:\Users\user\Desktop\Singapore Polytechnic\Year 2\Semester 1\Data Structures and Algorithms\Electronic Shop\DSALCA2\DSALCA2\Debug\link.7252-cvtres.write.1.tlog
C:\Users\user\Desktop\Singapore Polytechnic\Year 2\Semester 1\Data Structures and Algorithms\Electronic Shop\DSALCA2\DSALCA2\Debug\link.7368.read.1.tlog
C:\Users\user\Desktop\Singapore Polytechnic\Year 2\Semester 1\Data Structures and Algorithms\Electronic Shop\DSALCA2\DSALCA2\Debug\link.7368.write.1.tlog
C:\Users\user\Desktop\Singapore Polytechnic\Year 2\Semester 1\Data Structures and Algorithms\Electronic Shop\DSALCA2\DSALCA2\Debug\link.7368-cvtres.read.1.tlog
C:\Users\user\Desktop\Singapore Polytechnic\Year 2\Semester 1\Data Structures and Algorithms\Electronic Shop\DSALCA2\DSALCA2\Debug\link.7368-cvtres.write.1.tlog
C:\Users\user\Desktop\Singapore Polytechnic\Year 2\Semester 1\Data Structures and Algorithms\Electronic Shop\DSALCA2\DSALCA2\Debug\link.7972.read.1.tlog
C:\Users\user\Desktop\Singapore Polytechnic\Year 2\Semester 1\Data Structures and Algorithms\Electronic Shop\DSALCA2\DSALCA2\Debug\link.7972.write.1.tlog
C:\Users\user\Desktop\Singapore Polytechnic\Year 2\Semester 1\Data Structures and Algorithms\Electronic Shop\DSALCA2\DSALCA2\Debug\link.7972-cvtres.read.1.tlog
C:\Users\user\Desktop\Singapore Polytechnic\Year 2\Semester 1\Data Structures and Algorithms\Electronic Shop\DSALCA2\DSALCA2\Debug\link.7972-cvtres.write.1.tlog
C:\Users\user\Desktop\Singapore Polytechnic\Year 2\Semester 1\Data Structures and Algorithms\Electronic Shop\DSALCA2\DSALCA2\Debug\link.8496.read.1.tlog
C:\Users\user\Desktop\Singapore Polytechnic\Year 2\Semester 1\Data Structures and Algorithms\Electronic Shop\DSALCA2\DSALCA2\Debug\link.8496.write.1.tlog
C:\Users\user\Desktop\Singapore Polytechnic\Year 2\Semester 1\Data Structures and Algorithms\Electronic Shop\DSALCA2\DSALCA2\Debug\link.8496-cvtres.read.1.tlog
C:\Users\user\Desktop\Singapore Polytechnic\Year 2\Semester 1\Data Structures and Algorithms\Electronic Shop\DSALCA2\DSALCA2\Debug\link.8496-cvtres.write.1.tlog
C:\Users\user\Desktop\Singapore Polytechnic\Year 2\Semester 1\Data Structures and Algorithms\Electronic Shop\DSALCA2\DSALCA2\Debug\link.8552.read.1.tlog
C:\Users\user\Desktop\Singapore Polytechnic\Year 2\Semester 1\Data Structures and Algorithms\Electronic Shop\DSALCA2\DSALCA2\Debug\link.8552.write.1.tlog
C:\Users\user\Desktop\Singapore Polytechnic\Year 2\Semester 1\Data Structures and Algorithms\Electronic Shop\DSALCA2\DSALCA2\Debug\link.8552-cvtres.read.1.tlog
C:\Users\user\Desktop\Singapore Polytechnic\Year 2\Semester 1\Data Structures and Algorithms\Electronic Shop\DSALCA2\DSALCA2\Debug\link.8552-cvtres.write.1.tlog
C:\Users\user\Desktop\Singapore Polytechnic\Year 2\Semester 1\Data Structures and Algorithms\Electronic Shop\DSALCA2\DSALCA2\Debug\link.8660.read.1.tlog
C:\Users\user\Desktop\Singapore Polytechnic\Year 2\Semester 1\Data Structures and Algorithms\Electronic Shop\DSALCA2\DSALCA2\Debug\link.8660.write.1.tlog
C:\Users\user\Desktop\Singapore Polytechnic\Year 2\Semester 1\Data Structures and Algorithms\Electronic Shop\DSALCA2\DSALCA2\Debug\link.8660-cvtres.read.1.tlog
C:\Users\user\Desktop\Singapore Polytechnic\Year 2\Semester 1\Data Structures and Algorithms\Electronic Shop\DSALCA2\DSALCA2\Debug\link.8660-cvtres.write.1.tlog
C:\Users\user\Desktop\Singapore Polytechnic\Year 2\Semester 1\Data Structures and Algorithms\Electronic Shop\DSALCA2\DSALCA2\Debug\link.8720.read.1.tlog
C:\Users\user\Desktop\Singapore Polytechnic\Year 2\Semester 1\Data Structures and Algorithms\Electronic Shop\DSALCA2\DSALCA2\Debug\link.8720.write.1.tlog
C:\Users\user\Desktop\Singapore Polytechnic\Year 2\Semester 1\Data Structures and Algorithms\Electronic Shop\DSALCA2\DSALCA2\Debug\link.8720-cvtres.read.1.tlog
C:\Users\user\Desktop\Singapore Polytechnic\Year 2\Semester 1\Data Structures and Algorithms\Electronic Shop\DSALCA2\DSALCA2\Debug\link.8720-cvtres.write.1.tlog
C:\Users\user\Desktop\Singapore Polytechnic\Year 2\Semester 1\Data Structures and Algorithms\Electronic Shop\DSALCA2\DSALCA2\Debug\link.8832.read.1.tlog
C:\Users\user\Desktop\Singapore Polytechnic\Year 2\Semester 1\Data Structures and Algorithms\Electronic Shop\DSALCA2\DSALCA2\Debug\link.8832.write.1.tlog
C:\Users\user\Desktop\Singapore Polytechnic\Year 2\Semester 1\Data Structures and Algorithms\Electronic Shop\DSALCA2\DSALCA2\Debug\link.8832-cvtres.read.1.tlog
C:\Users\user\Desktop\Singapore Polytechnic\Year 2\Semester 1\Data Structures and Algorithms\Electronic Shop\DSALCA2\DSALCA2\Debug\link.8832-cvtres.write.1.tlog
C:\Users\user\Desktop\Singapore Polytechnic\Year 2\Semester 1\Data Structures and Algorithms\Electronic Shop\DSALCA2\DSALCA2\Debug\link.9176.read.1.tlog
C:\Users\user\Desktop\Singapore Polytechnic\Year 2\Semester 1\Data Structures and Algorithms\Electronic Shop\DSALCA2\DSALCA2\Debug\link.9176.write.1.tlog
C:\Users\user\Desktop\Singapore Polytechnic\Year 2\Semester 1\Data Structures and Algorithms\Electronic Shop\DSALCA2\DSALCA2\Debug\link.9176-cvtres.read.1.tlog
C:\Users\user\Desktop\Singapore Polytechnic\Year 2\Semester 1\Data Structures and Algorithms\Electronic Shop\DSALCA2\DSALCA2\Debug\link.9176-cvtres.write.1.tlog
C:\Users\user\Desktop\Singapore Polytechnic\Year 2\Semester 1\Data Structures and Algorithms\Electronic Shop\DSALCA2\DSALCA2\Debug\link.command.1.tlog
C:\Users\user\Desktop\Singapore Polytechnic\Year 2\Semester 1\Data Structures and Algorithms\Electronic Shop\DSALCA2\DSALCA2\Debug\link.read.1.tlog
C:\Users\user\Desktop\Singapore Polytechnic\Year 2\Semester 1\Data Structures and Algorithms\Electronic Shop\DSALCA2\DSALCA2\Debug\link.write.1.tlog
C:\Users\user\Desktop\Singapore Polytechnic\Year 2\Semester 1\Data Structures and Algorithms\Electronic Shop\DSALCA2\DSALCA2\Debug\main.obj
C:\Users\user\Desktop\Singapore Polytechnic\Year 2\Semester 1\Data Structures and Algorithms\Electronic Shop\DSALCA2\DSALCA2\Debug\mt.command.1.tlog
C:\Users\user\Desktop\Singapore Polytechnic\Year 2\Semester 1\Data Structures and Algorithms\Electronic Shop\DSALCA2\DSALCA2\Debug\mt.read.1.tlog
C:\Users\user\Desktop\Singapore Polytechnic\Year 2\Semester 1\Data Structures and Algorithms\Electronic Shop\DSALCA2\DSALCA2\Debug\mt.write.1.tlog
C:\Users\user\Desktop\Singapore Polytechnic\Year 2\Semester 1\Data Structures and Algorithms\Electronic Shop\DSALCA2\DSALCA2\Debug\Product.obj
C:\Users\user\Desktop\Singapore Polytechnic\Year 2\Semester 1\Data Structures and Algorithms\Electronic Shop\DSALCA2\DSALCA2\Debug\rc.command.1.tlog
C:\Users\user\Desktop\Singapore Polytechnic\Year 2\Semester 1\Data Structures and Algorithms\Electronic Shop\DSALCA2\DSALCA2\Debug\rc.read.1.tlog
C:\Users\user\Desktop\Singapore Polytechnic\Year 2\Semester 1\Data Structures and Algorithms\Electronic Shop\DSALCA2\DSALCA2\Debug\rc.write.1.tlog
C:\Users\user\Desktop\Singapore Polytechnic\Year 2\Semester 1\Data Structures and Algorithms\Electronic Shop\DSALCA2\DSALCA2\Debug\Shop.obj
C:\Users\user\Desktop\Singapore Polytechnic\Year 2\Semester 1\Data Structures and Algorithms\Electronic Shop\DSALCA2\DSALCA2\Debug\Shopper.obj
C:\Users\user\Desktop\Singapore Polytechnic\Year 2\Semester 1\Data Structures and Algorithms\Electronic Shop\DSALCA2\DSALCA2\Debug\User.obj
C:\Users\user\Desktop\Singapore Polytechnic\Year 2\Semester 1\Data Structures and Algorithms\Electronic Shop\DSALCA2\DSALCA2\Debug\vc100.idb
C:\Users\user\Desktop\Singapore Polytechnic\Year 2\Semester 1\Data Structures and Algorithms\Electronic Shop\DSALCA2\DSALCA2\Debug\vc100.pdb
C:\USERS\USER\DOCUMENTS\VISUAL STUDIO 2010\PROJECTS\DSALCA2\DEBUG\DSALCA2.EXE
C:\USERS\USER\DOCUMENTS\VISUAL STUDIO 2010\PROJECTS\DSALCA2\DEBUG\DSALCA2.ILK
C:\USERS\USER\DOCUMENTS\VISUAL STUDIO 2010\PROJECTS\DSALCA2\DEBUG\DSALCA2.PDB
C:\USERS\USER\DOCUMENTS\VISUAL STUDIO 2010\PROJECTS\DSALCA2\DSALCA2\DEBUG\DSALCA2.EXE.EMBED.MANIFEST
C:\USERS\USER\DOCUMENTS\VISUAL STUDIO 2010\PROJECTS\DSALCA2\DSALCA2\DEBUG\DSALCA2.EXE.EMBED.MANIFEST.RES
C:\USERS\USER\DOCUMENTS\VISUAL STUDIO 2010\PROJECTS\DSALCA2\DSALCA2\DEBUG\DSALCA2.EXE.INTERMEDIATE.MANIFEST
C:\USERS\USER\DOCUMENTS\VISUAL STUDIO 2010\PROJECTS\DSALCA2\DSALCA2\DEBUG\GAMES.OBJ
C:\USERS\USER\DOCUMENTS\VISUAL STUDIO 2010\PROJECTS\DSALCA2\DSALCA2\DEBUG\MAIN.OBJ
C:\USERS\USER\DOCUMENTS\VISUAL STUDIO 2010\PROJECTS\DSALCA2\DSALCA2\DEBUG\PRODUCT.OBJ
C:\USERS\USER\DOCUMENTS\VISUAL STUDIO 2010\PROJECTS\DSALCA2\DSALCA2\DEBUG\SHOP.OBJ
C:\USERS\USER\DOCUMENTS\VISUAL STUDIO 2010\PROJECTS\DSALCA2\DSALCA2\DEBUG\SHOPPER.OBJ
C:\USERS\USER\DOCUMENTS\VISUAL STUDIO 2010\PROJECTS\DSALCA2\DSALCA2\DEBUG\USER.OBJ
C:\USERS\USER\DOCUMENTS\VISUAL STUDIO 2010\PROJECTS\DSALCA2\DSALCA2\DEBUG\VC100.PDB
